<?xml version="1.0" encoding="UTF-8"?>
<testsuite name="hello.UserApplicationTests" tests="1" skipped="1" failures="0" errors="0" timestamp="2017-02-22T16:09:36" hostname="ndefazio" time="0.0">
  <properties/>
  <testcase name="shouldRoundRobinOverInstancesWhenCallingServicesViaRibbon" classname="hello.UserApplicationTests" time="0.0">
    <skipped/>
  </testcase>
  <system-out><![CDATA[11:09:36.665 [Test worker] DEBUG org.springframework.test.context.junit4.SpringJUnit4ClassRunner - SpringJUnit4ClassRunner constructor called with [class hello.UserApplicationTests]
11:09:36.670 [Test worker] DEBUG org.springframework.test.context.BootstrapUtils - Instantiating CacheAwareContextLoaderDelegate from class [org.springframework.test.context.cache.DefaultCacheAwareContextLoaderDelegate]
11:09:36.675 [Test worker] DEBUG org.springframework.test.context.BootstrapUtils - Instantiating BootstrapContext using constructor [public org.springframework.test.context.support.DefaultBootstrapContext(java.lang.Class,org.springframework.test.context.CacheAwareContextLoaderDelegate)]
11:09:36.687 [Test worker] DEBUG org.springframework.test.context.BootstrapUtils - Instantiating TestContextBootstrapper for test class [hello.UserApplicationTests] from class [org.springframework.boot.test.context.SpringBootTestContextBootstrapper]
11:09:36.694 [Test worker] INFO org.springframework.boot.test.context.SpringBootTestContextBootstrapper - Neither @ContextConfiguration nor @ContextHierarchy found for test class [hello.UserApplicationTests], using SpringBootContextLoader
11:09:36.697 [Test worker] DEBUG org.springframework.test.context.support.AbstractContextLoader - Did not detect default resource location for test class [hello.UserApplicationTests]: class path resource [hello/UserApplicationTests-context.xml] does not exist
11:09:36.698 [Test worker] DEBUG org.springframework.test.context.support.AbstractContextLoader - Did not detect default resource location for test class [hello.UserApplicationTests]: class path resource [hello/UserApplicationTestsContext.groovy] does not exist
11:09:36.698 [Test worker] INFO org.springframework.test.context.support.AbstractContextLoader - Could not detect default resource locations for test class [hello.UserApplicationTests]: no resource found for suffixes {-context.xml, Context.groovy}.
11:09:36.725 [Test worker] DEBUG org.springframework.test.context.support.ActiveProfilesUtils - Could not find an 'annotation declaring class' for annotation type [org.springframework.test.context.ActiveProfiles] and class [hello.UserApplicationTests]
11:09:36.754 [Test worker] DEBUG org.springframework.boot.test.context.SpringBootTestContextBootstrapper - @TestExecutionListeners is not present for class [hello.UserApplicationTests]: using defaults.
11:09:36.763 [Test worker] INFO org.springframework.boot.test.context.SpringBootTestContextBootstrapper - Loaded default TestExecutionListener class names from location [META-INF/spring.factories]: [org.springframework.boot.test.mock.mockito.MockitoTestExecutionListener, org.springframework.boot.test.mock.mockito.ResetMocksTestExecutionListener, org.springframework.boot.test.autoconfigure.restdocs.RestDocsTestExecutionListener, org.springframework.boot.test.autoconfigure.web.client.MockRestServiceServerResetTestExecutionListener, org.springframework.boot.test.autoconfigure.web.servlet.MockMvcPrintOnlyOnFailureTestExecutionListener, org.springframework.boot.test.autoconfigure.web.servlet.WebDriverTestExecutionListener, org.springframework.test.context.web.ServletTestExecutionListener, org.springframework.test.context.support.DirtiesContextBeforeModesTestExecutionListener, org.springframework.test.context.support.DependencyInjectionTestExecutionListener, org.springframework.test.context.support.DirtiesContextTestExecutionListener, org.springframework.test.context.transaction.TransactionalTestExecutionListener, org.springframework.test.context.jdbc.SqlScriptsTestExecutionListener]
11:09:36.773 [Test worker] INFO org.springframework.boot.test.context.SpringBootTestContextBootstrapper - Could not instantiate TestExecutionListener [org.springframework.test.context.transaction.TransactionalTestExecutionListener]. Specify custom listener classes or make the default listener classes (and their required dependencies) available. Offending class: [org/springframework/transaction/interceptor/TransactionAttributeSource]
11:09:36.774 [Test worker] INFO org.springframework.boot.test.context.SpringBootTestContextBootstrapper - Could not instantiate TestExecutionListener [org.springframework.test.context.jdbc.SqlScriptsTestExecutionListener]. Specify custom listener classes or make the default listener classes (and their required dependencies) available. Offending class: [org/springframework/transaction/interceptor/TransactionAttribute]
11:09:36.774 [Test worker] INFO org.springframework.boot.test.context.SpringBootTestContextBootstrapper - Using TestExecutionListeners: [org.springframework.test.context.web.ServletTestExecutionListener@3952ad19, org.springframework.test.context.support.DirtiesContextBeforeModesTestExecutionListener@357431a8, org.springframework.boot.test.autoconfigure.SpringBootDependencyInjectionTestExecutionListener@978745e, org.springframework.test.context.support.DirtiesContextTestExecutionListener@7da20ff7, org.springframework.boot.test.mock.mockito.MockitoTestExecutionListener@51b44f3f, org.springframework.boot.test.autoconfigure.web.servlet.WebDriverTestExecutionListener@4559ddd0, org.springframework.boot.test.autoconfigure.web.client.MockRestServiceServerResetTestExecutionListener@f499ba1, org.springframework.boot.test.mock.mockito.ResetMocksTestExecutionListener@6279f008, org.springframework.boot.test.autoconfigure.restdocs.RestDocsTestExecutionListener@11c796cf, org.springframework.boot.test.autoconfigure.web.servlet.MockMvcPrintOnlyOnFailureTestExecutionListener@1a7b6e7a]
11:09:36.776 [Test worker] DEBUG org.springframework.test.annotation.ProfileValueUtils - Retrieved @ProfileValueSourceConfiguration [null] for test class [hello.UserApplicationTests]
11:09:36.777 [Test worker] DEBUG org.springframework.test.annotation.ProfileValueUtils - Retrieved ProfileValueSource type [class org.springframework.test.annotation.SystemProfileValueSource] for class [hello.UserApplicationTests]
11:09:36.777 [Test worker] DEBUG org.springframework.test.annotation.ProfileValueUtils - Retrieved @ProfileValueSourceConfiguration [null] for test class [hello.UserApplicationTests]
11:09:36.777 [Test worker] DEBUG org.springframework.test.annotation.ProfileValueUtils - Retrieved ProfileValueSource type [class org.springframework.test.annotation.SystemProfileValueSource] for class [hello.UserApplicationTests]
]]></system-out>
  <system-err><![CDATA[]]></system-err>
</testsuite>
